<?xml version="1.0" encoding="UTF-8"?>
<!-- Generated by org.testng.reporters.JUnitXMLReporter -->
<testsuite ignored="3" hostname="Priyanka" failures="0" tests="3" name="Test-Runner-2" time="0.216" errors="0" timestamp="2023-05-20T18:34:42 IST">
  <testcase classname="vtigergenericUtility.BaseClass" name="@BeforeTest bcConfig" time="-1.684587881915E9">
    <failure type="org.testng.TestNGException" message="
Parameter &amp;apos;browser&amp;apos; is required by BeforeTest on method bcConfig but has not been marked @Optional or defined
in C:\Users\Priyanka Ghosh\OneDrive\Desktop\javaclassjspider\Chaitraadvsel\testngdistributedparallelexecution.xml">
      <![CDATA[org.testng.TestNGException: 
Parameter 'browser' is required by BeforeTest on method bcConfig but has not been marked @Optional or defined
in C:\Users\Priyanka Ghosh\OneDrive\Desktop\javaclassjspider\Chaitraadvsel\testngdistributedparallelexecution.xml
at java.base/java.util.concurrent.FutureTask.run(FutureTask.java:264)
at java.base/java.util.concurrent.ThreadPoolExecutor.runWorker(ThreadPoolExecutor.java:1136)
at java.base/java.util.concurrent.ThreadPoolExecutor$Worker.run(ThreadPoolExecutor.java:635)
at java.base/java.lang.Thread.run(Thread.java:833)
... Removed 12 stack frames]]>
    </failure>
  </testcase> <!-- @BeforeTest bcConfig -->
  <testcase classname="vtigergenericUtility.BaseClass" name="@BeforeClass bcConfig" time="-1.684587882026E9">
    <skipped/>
  </testcase> <!-- @BeforeClass bcConfig -->
  <testcase classname="vtigergenericUtility.BaseClass" name="@BeforeMethod bmConfig" time="-1.684587882075E9">
    <skipped/>
  </testcase> <!-- @BeforeMethod bmConfig -->
  <testcase classname="vtigergenericUtility.BaseClass" name="@AfterMethod amConfig" time="-1.684587882087E9">
    <skipped/>
  </testcase> <!-- @AfterMethod amConfig -->
  <testcase classname="vtigergenericUtility.BaseClass" name="@BeforeMethod bmConfig" time="-1.684587882093E9">
    <skipped/>
  </testcase> <!-- @BeforeMethod bmConfig -->
  <testcase classname="vtigergenericUtility.BaseClass" name="@AfterMethod amConfig" time="-1.684587882102E9">
    <skipped/>
  </testcase> <!-- @AfterMethod amConfig -->
  <testcase classname="vtigergenericUtility.BaseClass" name="@AfterClass acConfig" time="-1.684587882107E9">
    <skipped/>
  </testcase> <!-- @AfterClass acConfig -->
  <testcase classname="vtigergenericUtility.BaseClass" name="@BeforeClass bcConfig" time="-1.68458788211E9">
    <skipped/>
  </testcase> <!-- @BeforeClass bcConfig -->
  <testcase classname="vtigergenericUtility.BaseClass" name="@BeforeMethod bmConfig" time="-1.684587882114E9">
    <skipped/>
  </testcase> <!-- @BeforeMethod bmConfig -->
  <testcase classname="vtigergenericUtility.BaseClass" name="@AfterMethod amConfig" time="-1.684587882121E9">
    <skipped/>
  </testcase> <!-- @AfterMethod amConfig -->
  <testcase classname="vtigergenericUtility.BaseClass" name="@AfterClass acConfig" time="-1.684587882123E9">
    <skipped/>
  </testcase> <!-- @AfterClass acConfig -->
  <testcase classname="Vtigrerapplication.CreateContactwithOrganizationTest" name="createcontactwithorganization" time="0.0">
    <skipped/>
  </testcase> <!-- createcontactwithorganization -->
  <testcase classname="Vtigrerapplication.CreateContactwithOrganizationTest" name="demosuite" time="0.0">
    <skipped/>
  </testcase> <!-- demosuite -->
  <testcase classname="Vtigrerapplication.Testcriptforcreateorganization" name="createOrganization" time="0.0">
    <skipped/>
  </testcase> <!-- createOrganization -->
  <testcase classname="vtigergenericUtility.BaseClass" name="@AfterSuite asConfig" time="0.0">
    <ignored/>
  </testcase> <!-- @AfterSuite asConfig -->
  <testcase classname="vtigergenericUtility.BaseClass" name="@BeforeTest bcConfig" time="0.0">
    <ignored/>
  </testcase> <!-- @BeforeTest bcConfig -->
  <testcase classname="vtigergenericUtility.BaseClass" name="@BeforeSuite bsConfig" time="0.0">
    <ignored/>
  </testcase> <!-- @BeforeSuite bsConfig -->
</testsuite> <!-- Test-Runner-2 -->
