<html>
<head>
<title>TestNG:  Test-Runner-2</title>
<link href="../testng.css" rel="stylesheet" type="text/css" />
<link href="../my-testng.css" rel="stylesheet" type="text/css" />

<style type="text/css">
.log { display: none;} 
.stack-trace { display: none;} 
</style>
<script type="text/javascript">
<!--
function flip(e) {
  current = e.style.display;
  if (current == 'block') {
    e.style.display = 'none';
    return 0;
  }
  else {
    e.style.display = 'block';
    return 1;
  }
}

function toggleBox(szDivId, elem, msg1, msg2)
{
  var res = -1;  if (document.getElementById) {
    res = flip(document.getElementById(szDivId));
  }
  else if (document.all) {
    // this is the way old msie versions work
    res = flip(document.all[szDivId]);
  }
  if(elem) {
    if(res == 0) elem.innerHTML = msg1; else elem.innerHTML = msg2;
  }

}

function toggleAllBoxes() {
  if (document.getElementsByTagName) {
    d = document.getElementsByTagName('div');
    for (i = 0; i < d.length; i++) {
      if (d[i].className == 'log') {
        flip(d[i]);
      }
    }
  }
}

// -->
</script>

</head>
<body>
<h2 align='center'>Test-Runner-2</h2><table border='1' align="center">
<tr>
<td>Tests passed/Failed/Skipped:</td><td>0/0/3</td>
</tr><tr>
<td>Started on:</td><td>Sat May 20 18:34:41 IST 2023</td>
</tr>
<tr><td>Total time:</td><td>0 seconds (216 ms)</td>
</tr><tr>
<td>Included groups:</td><td></td>
</tr><tr>
<td>Excluded groups:</td><td></td>
</tr>
</table><p/>
<small><i>(Hover the method name to see the test class name)</i></small><p/>
<table width='100%' border='1' class='invocation-failed'>
<tr><td colspan='4' align='center'><b>FAILED CONFIGURATIONS</b></td></tr>
<tr><td><b>Test method</b></td>
<td width="30%"><b>Exception</b></td>
<td width="10%"><b>Time (seconds)</b></td>
<td><b>Instance</b></td>
</tr>
<tr>
<td title='Vtigrerapplication.CreateContactwithOrganizationTest.bcConfig()'><b>bcConfig</b><br>Test class: Vtigrerapplication.CreateContactwithOrganizationTest</td>
<td><div><pre>org.testng.TestNGException: 
Parameter &apos;browser&apos; is required by BeforeTest on method bcConfig but has not been marked @Optional or defined
in C:\Users\Priyanka Ghosh\OneDrive\Desktop\javaclassjspider\Chaitraadvsel\testngdistributedparallelexecution.xml
	at java.base/java.util.concurrent.FutureTask.run(FutureTask.java:264)
	at java.base/java.util.concurrent.ThreadPoolExecutor.runWorker(ThreadPoolExecutor.java:1136)
	at java.base/java.util.concurrent.ThreadPoolExecutor$Worker.run(ThreadPoolExecutor.java:635)
	at java.base/java.lang.Thread.run(Thread.java:833)
... Removed 12 stack frames</pre></div><a href='#' onClick='toggleBox("stack-trace1411511896", this, "Click to show all stack frames", "Click to hide stack frames")'>Click to show all stack frames</a>
<div class='stack-trace' id='stack-trace1411511896'><pre>org.testng.TestNGException: 
Parameter &apos;browser&apos; is required by BeforeTest on method bcConfig but has not been marked @Optional or defined
in C:\Users\Priyanka Ghosh\OneDrive\Desktop\javaclassjspider\Chaitraadvsel\testngdistributedparallelexecution.xml
	at org.testng.internal.Parameters.createParams(Parameters.java:270)
	at org.testng.internal.Parameters.createParametersForMethod(Parameters.java:358)
	at org.testng.internal.Parameters.createParameters(Parameters.java:700)
	at org.testng.internal.Parameters.createConfigurationParameters(Parameters.java:168)
	at org.testng.internal.ConfigInvoker.invokeConfigurations(ConfigInvoker.java:302)
	at org.testng.TestRunner.invokeTestConfigurations(TestRunner.java:637)
	at org.testng.TestRunner.beforeRun(TestRunner.java:627)
	at org.testng.TestRunner.run(TestRunner.java:589)
	at org.testng.SuiteRunner.runTest(SuiteRunner.java:377)
	at org.testng.SuiteRunner.access$000(SuiteRunner.java:28)
	at org.testng.SuiteRunner$SuiteWorker.run(SuiteRunner.java:418)
	at org.testng.internal.thread.ThreadUtil.lambda$execute$0(ThreadUtil.java:64)
	at java.base/java.util.concurrent.FutureTask.run(FutureTask.java:264)
	at java.base/java.util.concurrent.ThreadPoolExecutor.runWorker(ThreadPoolExecutor.java:1136)
	at java.base/java.util.concurrent.ThreadPoolExecutor$Worker.run(ThreadPoolExecutor.java:635)
	at java.base/java.lang.Thread.run(Thread.java:833)
</pre></div></td>
<td>-1684587881</td>
<td>Vtigrerapplication.CreateContactwithOrganizationTest@76adb233</td></tr>
</table><p>
<table width='100%' border='1' class='invocation-skipped'>
<tr><td colspan='4' align='center'><b>SKIPPED CONFIGURATIONS</b></td></tr>
<tr><td><b>Test method</b></td>
<td width="30%"><b>Exception</b></td>
<td width="10%"><b>Time (seconds)</b></td>
<td><b>Instance</b></td>
</tr>
<tr>
<td title='Vtigrerapplication.CreateContactwithOrganizationTest.amConfig()'><b>amConfig</b><br>Test class: Vtigrerapplication.CreateContactwithOrganizationTest</td>
<td></td>
<td>-1684587882</td>
<td>Vtigrerapplication.CreateContactwithOrganizationTest@76adb233</td></tr>
<tr>
<td title='Vtigrerapplication.CreateContactwithOrganizationTest.bmConfig()'><b>bmConfig</b><br>Test class: Vtigrerapplication.CreateContactwithOrganizationTest</td>
<td></td>
<td>-1684587882</td>
<td>Vtigrerapplication.CreateContactwithOrganizationTest@76adb233</td></tr>
<tr>
<td title='Vtigrerapplication.CreateContactwithOrganizationTest.amConfig()'><b>amConfig</b><br>Test class: Vtigrerapplication.CreateContactwithOrganizationTest</td>
<td></td>
<td>-1684587882</td>
<td>Vtigrerapplication.CreateContactwithOrganizationTest@76adb233</td></tr>
<tr>
<td title='Vtigrerapplication.Testcriptforcreateorganization.acConfig()'><b>acConfig</b><br>Test class: Vtigrerapplication.Testcriptforcreateorganization</td>
<td></td>
<td>-1684587882</td>
<td>Vtigrerapplication.Testcriptforcreateorganization@36074e47</td></tr>
<tr>
<td title='Vtigrerapplication.Testcriptforcreateorganization.amConfig()'><b>amConfig</b><br>Test class: Vtigrerapplication.Testcriptforcreateorganization</td>
<td></td>
<td>-1684587882</td>
<td>Vtigrerapplication.Testcriptforcreateorganization@36074e47</td></tr>
<tr>
<td title='Vtigrerapplication.CreateContactwithOrganizationTest.acConfig()'><b>acConfig</b><br>Test class: Vtigrerapplication.CreateContactwithOrganizationTest</td>
<td></td>
<td>-1684587882</td>
<td>Vtigrerapplication.CreateContactwithOrganizationTest@76adb233</td></tr>
<tr>
<td title='Vtigrerapplication.Testcriptforcreateorganization.bcConfig()'><b>bcConfig</b><br>Test class: Vtigrerapplication.Testcriptforcreateorganization</td>
<td></td>
<td>-1684587882</td>
<td>Vtigrerapplication.Testcriptforcreateorganization@36074e47</td></tr>
<tr>
<td title='Vtigrerapplication.CreateContactwithOrganizationTest.bmConfig()'><b>bmConfig</b><br>Test class: Vtigrerapplication.CreateContactwithOrganizationTest</td>
<td></td>
<td>-1684587882</td>
<td>Vtigrerapplication.CreateContactwithOrganizationTest@76adb233</td></tr>
<tr>
<td title='Vtigrerapplication.Testcriptforcreateorganization.bmConfig()'><b>bmConfig</b><br>Test class: Vtigrerapplication.Testcriptforcreateorganization</td>
<td></td>
<td>-1684587882</td>
<td>Vtigrerapplication.Testcriptforcreateorganization@36074e47</td></tr>
<tr>
<td title='Vtigrerapplication.CreateContactwithOrganizationTest.bcConfig()'><b>bcConfig</b><br>Test class: Vtigrerapplication.CreateContactwithOrganizationTest</td>
<td></td>
<td>-1684587882</td>
<td>Vtigrerapplication.CreateContactwithOrganizationTest@76adb233</td></tr>
</table><p>
<table width='100%' border='1' class='invocation-skipped'>
<tr><td colspan='4' align='center'><b>SKIPPED TESTS</b></td></tr>
<tr><td><b>Test method</b></td>
<td width="30%"><b>Exception</b></td>
<td width="10%"><b>Time (seconds)</b></td>
<td><b>Instance</b></td>
</tr>
<tr>
<td title='Vtigrerapplication.Testcriptforcreateorganization.createOrganization()'><b>createOrganization</b><br>Test class: Vtigrerapplication.Testcriptforcreateorganization</td>
<td><div><pre>org.testng.TestNGException: 
Parameter &apos;browser&apos; is required by BeforeTest on method bcConfig but has not been marked @Optional or defined
in C:\Users\Priyanka Ghosh\OneDrive\Desktop\javaclassjspider\Chaitraadvsel\testngdistributedparallelexecution.xml
	at java.base/java.util.concurrent.FutureTask.run(FutureTask.java:264)
	at java.base/java.util.concurrent.ThreadPoolExecutor.runWorker(ThreadPoolExecutor.java:1136)
	at java.base/java.util.concurrent.ThreadPoolExecutor$Worker.run(ThreadPoolExecutor.java:635)
	at java.base/java.lang.Thread.run(Thread.java:833)
... Removed 12 stack frames</pre></div><a href='#' onClick='toggleBox("stack-trace1881292501", this, "Click to show all stack frames", "Click to hide stack frames")'>Click to show all stack frames</a>
<div class='stack-trace' id='stack-trace1881292501'><pre>org.testng.TestNGException: 
Parameter &apos;browser&apos; is required by BeforeTest on method bcConfig but has not been marked @Optional or defined
in C:\Users\Priyanka Ghosh\OneDrive\Desktop\javaclassjspider\Chaitraadvsel\testngdistributedparallelexecution.xml
	at org.testng.internal.Parameters.createParams(Parameters.java:270)
	at org.testng.internal.Parameters.createParametersForMethod(Parameters.java:358)
	at org.testng.internal.Parameters.createParameters(Parameters.java:700)
	at org.testng.internal.Parameters.createConfigurationParameters(Parameters.java:168)
	at org.testng.internal.ConfigInvoker.invokeConfigurations(ConfigInvoker.java:302)
	at org.testng.TestRunner.invokeTestConfigurations(TestRunner.java:637)
	at org.testng.TestRunner.beforeRun(TestRunner.java:627)
	at org.testng.TestRunner.run(TestRunner.java:589)
	at org.testng.SuiteRunner.runTest(SuiteRunner.java:377)
	at org.testng.SuiteRunner.access$000(SuiteRunner.java:28)
	at org.testng.SuiteRunner$SuiteWorker.run(SuiteRunner.java:418)
	at org.testng.internal.thread.ThreadUtil.lambda$execute$0(ThreadUtil.java:64)
	at java.base/java.util.concurrent.FutureTask.run(FutureTask.java:264)
	at java.base/java.util.concurrent.ThreadPoolExecutor.runWorker(ThreadPoolExecutor.java:1136)
	at java.base/java.util.concurrent.ThreadPoolExecutor$Worker.run(ThreadPoolExecutor.java:635)
	at java.base/java.lang.Thread.run(Thread.java:833)
</pre></div></td>
<td>0</td>
<td>Vtigrerapplication.Testcriptforcreateorganization@36074e47</td></tr>
<tr>
<td title='Vtigrerapplication.CreateContactwithOrganizationTest.createcontactwithorganization()'><b>createcontactwithorganization</b><br>Test class: Vtigrerapplication.CreateContactwithOrganizationTest</td>
<td><div><pre>org.testng.TestNGException: 
Parameter &apos;browser&apos; is required by BeforeTest on method bcConfig but has not been marked @Optional or defined
in C:\Users\Priyanka Ghosh\OneDrive\Desktop\javaclassjspider\Chaitraadvsel\testngdistributedparallelexecution.xml
	at java.base/java.util.concurrent.FutureTask.run(FutureTask.java:264)
	at java.base/java.util.concurrent.ThreadPoolExecutor.runWorker(ThreadPoolExecutor.java:1136)
	at java.base/java.util.concurrent.ThreadPoolExecutor$Worker.run(ThreadPoolExecutor.java:635)
	at java.base/java.lang.Thread.run(Thread.java:833)
... Removed 12 stack frames</pre></div><a href='#' onClick='toggleBox("stack-trace488728431", this, "Click to show all stack frames", "Click to hide stack frames")'>Click to show all stack frames</a>
<div class='stack-trace' id='stack-trace488728431'><pre>org.testng.TestNGException: 
Parameter &apos;browser&apos; is required by BeforeTest on method bcConfig but has not been marked @Optional or defined
in C:\Users\Priyanka Ghosh\OneDrive\Desktop\javaclassjspider\Chaitraadvsel\testngdistributedparallelexecution.xml
	at org.testng.internal.Parameters.createParams(Parameters.java:270)
	at org.testng.internal.Parameters.createParametersForMethod(Parameters.java:358)
	at org.testng.internal.Parameters.createParameters(Parameters.java:700)
	at org.testng.internal.Parameters.createConfigurationParameters(Parameters.java:168)
	at org.testng.internal.ConfigInvoker.invokeConfigurations(ConfigInvoker.java:302)
	at org.testng.TestRunner.invokeTestConfigurations(TestRunner.java:637)
	at org.testng.TestRunner.beforeRun(TestRunner.java:627)
	at org.testng.TestRunner.run(TestRunner.java:589)
	at org.testng.SuiteRunner.runTest(SuiteRunner.java:377)
	at org.testng.SuiteRunner.access$000(SuiteRunner.java:28)
	at org.testng.SuiteRunner$SuiteWorker.run(SuiteRunner.java:418)
	at org.testng.internal.thread.ThreadUtil.lambda$execute$0(ThreadUtil.java:64)
	at java.base/java.util.concurrent.FutureTask.run(FutureTask.java:264)
	at java.base/java.util.concurrent.ThreadPoolExecutor.runWorker(ThreadPoolExecutor.java:1136)
	at java.base/java.util.concurrent.ThreadPoolExecutor$Worker.run(ThreadPoolExecutor.java:635)
	at java.base/java.lang.Thread.run(Thread.java:833)
</pre></div></td>
<td>0</td>
<td>Vtigrerapplication.CreateContactwithOrganizationTest@76adb233</td></tr>
<tr>
<td title='Vtigrerapplication.CreateContactwithOrganizationTest.demosuite()'><b>demosuite</b><br>Test class: Vtigrerapplication.CreateContactwithOrganizationTest</td>
<td><div><pre>org.testng.TestNGException: 
Parameter &apos;browser&apos; is required by BeforeTest on method bcConfig but has not been marked @Optional or defined
in C:\Users\Priyanka Ghosh\OneDrive\Desktop\javaclassjspider\Chaitraadvsel\testngdistributedparallelexecution.xml
	at java.base/java.util.concurrent.FutureTask.run(FutureTask.java:264)
	at java.base/java.util.concurrent.ThreadPoolExecutor.runWorker(ThreadPoolExecutor.java:1136)
	at java.base/java.util.concurrent.ThreadPoolExecutor$Worker.run(ThreadPoolExecutor.java:635)
	at java.base/java.lang.Thread.run(Thread.java:833)
... Removed 12 stack frames</pre></div><a href='#' onClick='toggleBox("stack-trace797343193", this, "Click to show all stack frames", "Click to hide stack frames")'>Click to show all stack frames</a>
<div class='stack-trace' id='stack-trace797343193'><pre>org.testng.TestNGException: 
Parameter &apos;browser&apos; is required by BeforeTest on method bcConfig but has not been marked @Optional or defined
in C:\Users\Priyanka Ghosh\OneDrive\Desktop\javaclassjspider\Chaitraadvsel\testngdistributedparallelexecution.xml
	at org.testng.internal.Parameters.createParams(Parameters.java:270)
	at org.testng.internal.Parameters.createParametersForMethod(Parameters.java:358)
	at org.testng.internal.Parameters.createParameters(Parameters.java:700)
	at org.testng.internal.Parameters.createConfigurationParameters(Parameters.java:168)
	at org.testng.internal.ConfigInvoker.invokeConfigurations(ConfigInvoker.java:302)
	at org.testng.TestRunner.invokeTestConfigurations(TestRunner.java:637)
	at org.testng.TestRunner.beforeRun(TestRunner.java:627)
	at org.testng.TestRunner.run(TestRunner.java:589)
	at org.testng.SuiteRunner.runTest(SuiteRunner.java:377)
	at org.testng.SuiteRunner.access$000(SuiteRunner.java:28)
	at org.testng.SuiteRunner$SuiteWorker.run(SuiteRunner.java:418)
	at org.testng.internal.thread.ThreadUtil.lambda$execute$0(ThreadUtil.java:64)
	at java.base/java.util.concurrent.FutureTask.run(FutureTask.java:264)
	at java.base/java.util.concurrent.ThreadPoolExecutor.runWorker(ThreadPoolExecutor.java:1136)
	at java.base/java.util.concurrent.ThreadPoolExecutor$Worker.run(ThreadPoolExecutor.java:635)
	at java.base/java.lang.Thread.run(Thread.java:833)
</pre></div></td>
<td>0</td>
<td>Vtigrerapplication.CreateContactwithOrganizationTest@76adb233</td></tr>
</table><p>
</body>
</html>